<?xml version="1.0" encoding="UTF-8"?>
<!-- Generated by org.testng.reporters.JUnitReportReporter -->
<testsuite hostname="Asus" failures="0" tests="1" name="test.Test1" time="33.071" errors="0" timestamp="2023-07-18T16:56:03 IST" skipped="0">
  <testcase classname="test.Test1" name="testf" time="33.071"/>
  <system-out/>
</testsuite> <!-- test.Test1 -->
